c:\users\robin\desktop\högskolan\läsår 2\datorgrafik & modellering\rendering\inlämningsuppgifter\assignment5\obj\x86\debug\vc120.pdb
c:\users\robin\desktop\högskolan\läsår 2\datorgrafik & modellering\rendering\inlämningsuppgifter\assignment5\obj\x86\debug\vc120.idb
c:\users\robin\desktop\högskolan\läsår 2\datorgrafik & modellering\rendering\inlämningsuppgifter\assignment5\obj\x86\debug\geometry.obj
c:\users\robin\desktop\högskolan\läsår 2\datorgrafik & modellering\rendering\inlämningsuppgifter\assignment5\obj\x86\debug\inputhandler.obj
c:\users\robin\desktop\högskolan\läsår 2\datorgrafik & modellering\rendering\inlämningsuppgifter\assignment5\obj\x86\debug\mesh.obj
c:\users\robin\desktop\högskolan\läsår 2\datorgrafik & modellering\rendering\inlämningsuppgifter\assignment5\obj\x86\debug\main.obj
c:\users\robin\desktop\högskolan\läsår 2\datorgrafik & modellering\rendering\inlämningsuppgifter\assignment5\obj\x86\debug\mat.obj
c:\users\robin\desktop\högskolan\läsår 2\datorgrafik & modellering\rendering\inlämningsuppgifter\assignment5\obj\x86\debug\vec.obj
c:\users\robin\desktop\högskolan\läsår 2\datorgrafik & modellering\rendering\inlämningsuppgifter\assignment5\bin\x86\pixelshaderdrawtri.cso
c:\users\robin\desktop\högskolan\läsår 2\datorgrafik & modellering\rendering\inlämningsuppgifter\assignment5\bin\x86\vertexshaderdrawtri.cso
c:\users\robin\desktop\högskolan\läsår 2\datorgrafik & modellering\rendering\inlämningsuppgifter\assignment5\bin\x86\pixelshaderreflection.cso
c:\users\robin\desktop\högskolan\läsår 2\datorgrafik & modellering\rendering\inlämningsuppgifter\assignment5\bin\x86\pixelshaderskydome.cso
c:\users\robin\desktop\högskolan\läsår 2\datorgrafik & modellering\rendering\inlämningsuppgifter\assignment5\bin\x86\vertexshaderreflection.cso
c:\users\robin\desktop\högskolan\läsår 2\datorgrafik & modellering\rendering\inlämningsuppgifter\assignment5\bin\x86\vertexshaderskydome.cso
c:\users\robin\desktop\högskolan\läsår 2\datorgrafik & modellering\rendering\inlämningsuppgifter\assignment5\bin\x86\edurendd.ilk
c:\users\robin\desktop\högskolan\läsår 2\datorgrafik & modellering\rendering\inlämningsuppgifter\assignment5\bin\x86\edurendd.exe
c:\users\robin\desktop\högskolan\läsår 2\datorgrafik & modellering\rendering\inlämningsuppgifter\assignment5\bin\x86\edurendd.pdb
c:\users\robin\desktop\högskolan\läsår 2\datorgrafik & modellering\rendering\inlämningsuppgifter\assignment5\source\../bin/x86/edurendd.pdb
c:\users\robin\desktop\högskolan\läsår 2\datorgrafik & modellering\rendering\inlämningsuppgifter\assignment5\source\../bin/x86/edurendd.exe
c:\users\robin\desktop\högskolan\läsår 2\datorgrafik & modellering\rendering\inlämningsuppgifter\assignment5\source\../bin/x86/edurendd.ilk
c:\users\robin\desktop\högskolan\läsår 2\datorgrafik & modellering\rendering\inlämningsuppgifter\assignment5\obj\x86\debug\edurend.tlog\cl.command.1.tlog
c:\users\robin\desktop\högskolan\läsår 2\datorgrafik & modellering\rendering\inlämningsuppgifter\assignment5\obj\x86\debug\edurend.tlog\cl.read.1.tlog
c:\users\robin\desktop\högskolan\läsår 2\datorgrafik & modellering\rendering\inlämningsuppgifter\assignment5\obj\x86\debug\edurend.tlog\cl.write.1.tlog
c:\users\robin\desktop\högskolan\läsår 2\datorgrafik & modellering\rendering\inlämningsuppgifter\assignment5\obj\x86\debug\edurend.tlog\edurend.write.1u.tlog
c:\users\robin\desktop\högskolan\läsår 2\datorgrafik & modellering\rendering\inlämningsuppgifter\assignment5\obj\x86\debug\edurend.tlog\fxc.command.1.tlog
c:\users\robin\desktop\högskolan\läsår 2\datorgrafik & modellering\rendering\inlämningsuppgifter\assignment5\obj\x86\debug\edurend.tlog\fxc.read.1.tlog
c:\users\robin\desktop\högskolan\läsår 2\datorgrafik & modellering\rendering\inlämningsuppgifter\assignment5\obj\x86\debug\edurend.tlog\fxc.write.1.tlog
c:\users\robin\desktop\högskolan\läsår 2\datorgrafik & modellering\rendering\inlämningsuppgifter\assignment5\obj\x86\debug\edurend.tlog\link.command.1.tlog
c:\users\robin\desktop\högskolan\läsår 2\datorgrafik & modellering\rendering\inlämningsuppgifter\assignment5\obj\x86\debug\edurend.tlog\link.read.1.tlog
c:\users\robin\desktop\högskolan\läsår 2\datorgrafik & modellering\rendering\inlämningsuppgifter\assignment5\obj\x86\debug\edurend.tlog\link.write.1.tlog
